Your username: MMF_9_1

Your path: E:\ProgramData\DB_TBSP\

Creating tablespace:
MMF_9_1_DATA
MMF_9_1_INDEX
E:\ProgramData\DB_TBSP\MMF_9_1_DATA.dbf
old:CREATE TABLESPACE &&DATA_TBSP_NAME
    DATAFILE 
        '&&DATA_FILE_NAME' SIZE 10485760 AUTOEXTEND ON NEXT 10485760 MAXSIZE 10737418240
new:CREATE TABLESPACE MMF_9_1_DATA
    DATAFILE 
        'E:\ProgramData\DB_TBSP\MMF_9_1_DATA.dbf' SIZE 10485760 AUTOEXTEND ON NEXT 10485760 MAXSIZE 10737418240

TABLESPACE MMF_9_1_DATA created.

Elapsed: 00:00:00.134
old:CREATE TABLESPACE &&INDEX_TBSP_NAME
    DATAFILE 
        '&&INDEX_FILE_NAME' SIZE 10485760 AUTOEXTEND ON NEXT 10485760 MAXSIZE 10737418240
new:CREATE TABLESPACE MMF_9_1_INDEX
    DATAFILE 
        'E:\ProgramData\DB_TBSP\MMF_9_1_INDEX.dbf' SIZE 10485760 AUTOEXTEND ON NEXT 10485760 MAXSIZE 10737418240

TABLESPACE MMF_9_1_INDEX created.

Elapsed: 00:00:00.214
Elapsed: 00:00:00.222


Creating user

old:CREATE USER &&USER_NAME IDENTIFIED BY oracle
DEFAULT TABLESPACE &&USER_NAME._DATA
QUOTA 20M on &&USER_NAME._DATA
new:CREATE USER MMF_9_1 IDENTIFIED BY oracle
DEFAULT TABLESPACE MMF_9_1_DATA
QUOTA 20M on MMF_9_1_DATA

User MMF_9_1 created.

Elapsed: 00:00:00.664
Elapsed: 00:00:00.676
Granting privileges
old:GRANT CREATE PROCEDURE TO &&USER_NAME
new:GRANT CREATE PROCEDURE TO MMF_9_1

Grant succeeded.

Elapsed: 00:00:00.050
old:GRANT CREATE SEQUENCE TO &&USER_NAME
new:GRANT CREATE SEQUENCE TO MMF_9_1

Grant succeeded.

Elapsed: 00:00:00.011
old:GRANT CREATE TABLE TO &&USER_NAME
new:GRANT CREATE TABLE TO MMF_9_1

Grant succeeded.

Elapsed: 00:00:00.013
old:GRANT CREATE TYPE TO &&USER_NAME
new:GRANT CREATE TYPE TO MMF_9_1

Grant succeeded.

Elapsed: 00:00:00.011
old:GRANT CREATE TRIGGER TO &&USER_NAME
new:GRANT CREATE TRIGGER TO MMF_9_1

Grant succeeded.

Elapsed: 00:00:00.006
old:GRANT CREATE SYNONYM TO &&USER_NAME
new:GRANT CREATE SYNONYM TO MMF_9_1

Grant succeeded.

Elapsed: 00:00:00.006
old:GRANT CREATE SESSION TO &&USER_NAME
new:GRANT CREATE SESSION TO MMF_9_1

Grant succeeded.

Elapsed: 00:00:00.005
old:GRANT CREATE ANY DIRECTORY TO &&USER_NAME
new:GRANT CREATE ANY DIRECTORY TO MMF_9_1

Grant succeeded.

Elapsed: 00:00:00.005
Elapsed: 00:00:00.010
